current directory: C:/Users/81904/Desktop/VScode/swiper_app/vender/bundle/ruby/3.2.0/gems/msgpack-1.7.0/ext/msgpack
C:/Ruby32-x64/bin/ruby.exe extconf.rb
checking for ruby/st.h... yes
checking for st.h... no
checking for rb_enc_interned_str() in ruby.h... yes
checking for rb_hash_new_capa() in ruby.h... yes
creating Makefile

current directory: C:/Users/81904/Desktop/VScode/swiper_app/vender/bundle/ruby/3.2.0/gems/msgpack-1.7.0/ext/msgpack
make DESTDIR\= sitearchdir\=./.gem.20230506-27752-eslqt2 sitelibdir\=./.gem.20230506-27752-eslqt2 clean

current directory: C:/Users/81904/Desktop/VScode/swiper_app/vender/bundle/ruby/3.2.0/gems/msgpack-1.7.0/ext/msgpack
make DESTDIR\= sitearchdir\=./.gem.20230506-27752-eslqt2 sitelibdir\=./.gem.20230506-27752-eslqt2
generating msgpack-x64-mingw-ucrt.def
compiling buffer.c
compiling buffer_class.c
compiling extension_value_class.c
compiling factory_class.c
compiling packer.c
compiling packer_class.c
compiling packer_ext_registry.c
compiling rbinit.c
compiling rmem.c
compiling unpacker.c
compiling unpacker_class.c
compiling unpacker_ext_registry.c
linking shared-object msgpack/msgpack.so

current directory: C:/Users/81904/Desktop/VScode/swiper_app/vender/bundle/ruby/3.2.0/gems/msgpack-1.7.0/ext/msgpack
make DESTDIR\= sitearchdir\=./.gem.20230506-27752-eslqt2 sitelibdir\=./.gem.20230506-27752-eslqt2 install
/usr/bin/install -c -m 0755 msgpack.so ./.gem.20230506-27752-eslqt2/msgpack

current directory: C:/Users/81904/Desktop/VScode/swiper_app/vender/bundle/ruby/3.2.0/gems/msgpack-1.7.0/ext/msgpack
make DESTDIR\= sitearchdir\=./.gem.20230506-27752-eslqt2 sitelibdir\=./.gem.20230506-27752-eslqt2 clean
